#
# A fatal error has been detected by the Java Runtime Environment:
#
#  Internal Error (javaClasses.cpp:129), pid=4364, tid=2528
#  fatal error: Invalid layout of preloaded class
#
# JRE version: 7.0_25-b17
# Java VM: Java HotSpot(TM) 64-Bit Server VM (23.25-b01 mixed mode windows-amd64 compressed oops)
# Failed to write core dump. Minidumps are not enabled by default on client versions of Windows
#
# If you would like to submit a bug report, please visit:
#   http://bugreport.sun.com/bugreport/crash.jsp
#

---------------  T H R E A D  ---------------

Current thread (0x0000000001ffd800):  JavaThread "Unknown thread" [_thread_in_vm, id=2528, stack(0x0000000002000000,0x0000000002100000)]

Stack: [0x0000000002000000,0x0000000002100000]

---------------  P R O C E S S  ---------------

Java Threads: ( => current thread )

Other Threads:

=>0x0000000001ffd800 (exited) JavaThread "Unknown thread" [_thread_in_vm, id=2528, stack(0x0000000002000000,0x0000000002100000)]

VM state:not at safepoint (not fully initialized)

VM Mutex/Monitor currently owned by a thread: None

GC Heap History (0 events):
No events

Deoptimization events (0 events):
No events

Internal exceptions (0 events):
No events

Events (10 events):
Event: 0.011 loading class 0x0000000002123bc0 done
Event: 0.011 loading class 0x0000000002123f20 done
Event: 0.011 loading class 0x0000000002123ef0
Event: 0.011 loading class 0x0000000002161ff0
Event: 0.011 loading class 0x0000000002161ff0 done
Event: 0.011 loading class 0x0000000002161730
Event: 0.011 loading class 0x0000000002161730 done
Event: 0.011 loading class 0x000000000830cd20
Event: 0.011 loading class 0x000000000830cd20 done
Event: 0.012 loading class 0x0000000002123ef0 done


Dynamic libraries:
0x000007f747d90000 - 0x000007f747dc3000 	C:\Program Files\Java\jre7\bin\javaw.exe
0x000007fb32bd0000 - 0x000007fb32d90000 	C:\Windows\SYSTEM32\ntdll.dll
0x000007fb30b90000 - 0x000007fb30cc6000 	C:\Windows\system32\KERNEL32.DLL
0x000007fb2fd30000 - 0x000007fb2fe23000 	C:\Windows\system32\KERNELBASE.dll
0x000007fb30730000 - 0x000007fb3080e000 	C:\Windows\system32\ADVAPI32.dll
0x000007fb301f0000 - 0x000007fb3033c000 	C:\Windows\system32\USER32.dll
0x000007fb2d8d0000 - 0x000007fb2db3a000 	C:\Windows\WinSxS\amd64_microsoft.windows.common-controls_6595b64144ccf1df_6.0.9200.16579_none_418ab7ef718b27ef\COMCTL32.dll
0x000007fb31140000 - 0x000007fb311e5000 	C:\Windows\system32\msvcrt.dll
0x000007fb2ffc0000 - 0x000007fb30008000 	C:\Windows\SYSTEM32\sechost.dll
0x000007fb305e0000 - 0x000007fb30725000 	C:\Windows\system32\RPCRT4.dll
0x000007fb30a40000 - 0x000007fb30b81000 	C:\Windows\system32\GDI32.dll
0x000007fb301b0000 - 0x000007fb301e9000 	C:\Windows\system32\IMM32.DLL
0x000007fb32ab0000 - 0x000007fb32bc5000 	C:\Windows\system32\MSCTF.dll
0x000007fb2fa20000 - 0x000007fb2fa66000 	C:\Windows\system32\nvinitx.dll
0x000000000f000000 - 0x000000000f006000 	C:\Program Files\NVIDIA Corporation\CoProcManager\detoured.dll
0x000007fb2dc00000 - 0x000007fb2dc55000 	C:\Program Files\NVIDIA Corporation\CoProcManager\nvd3d9wrapx.dll
0x000007fb31490000 - 0x000007fb31660000 	C:\Windows\system32\SETUPAPI.dll
0x000007fb2fec0000 - 0x000007fb2ff0f000 	C:\Windows\system32\CFGMGR32.dll
0x000007fb2fe90000 - 0x000007fb2feb2000 	C:\Windows\system32\DEVOBJ.dll
0x000007fb2db80000 - 0x000007fb2dbbd000 	C:\Program Files\NVIDIA Corporation\CoProcManager\nvdxgiwrapx.dll
0x0000000058780000 - 0x0000000058851000 	C:\Program Files\Java\jre7\bin\msvcr100.dll
0x0000000058070000 - 0x000000005877f000 	C:\Program Files\Java\jre7\bin\server\jvm.dll
0x000007fb25990000 - 0x000007fb25999000 	C:\Windows\SYSTEM32\WSOCK32.dll
0x000007fb2ca80000 - 0x000007fb2caa0000 	C:\Windows\SYSTEM32\WINMM.dll
0x000007fb30140000 - 0x000007fb30147000 	C:\Windows\system32\PSAPI.DLL
0x000007fb30db0000 - 0x000007fb30e08000 	C:\Windows\system32\WS2_32.dll
0x000007fb2c950000 - 0x000007fb2c982000 	C:\Windows\SYSTEM32\WINMMBASE.dll
0x000007fb30cd0000 - 0x000007fb30cd9000 	C:\Windows\system32\NSI.dll
0x0000000058ca0000 - 0x0000000058caf000 	C:\Program Files\Java\jre7\bin\verify.dll
0x0000000058c70000 - 0x0000000058c98000 	C:\Program Files\Java\jre7\bin\java.dll
0x0000000058c50000 - 0x0000000058c65000 	C:\Program Files\Java\jre7\bin\zip.dll

VM Arguments:
jvm_args: -Dfile.encoding=Cp1251 -Xbootclasspath:C:\Android\adt-bundle-windows-x86_64-20130729\sdk\platforms\android-18\android.jar 
java_command: org.eclipse.jdt.internal.junit.runner.RemoteTestRunner -version 3 -port 18496 -testLoaderClass org.eclipse.jdt.internal.junit.runner.junit3.JUnit3TestLoader -loaderpluginname org.eclipse.jdt.junit.runtime -testNameFile C:\Users\Taras\AppData\Local\Temp\testNames8559503443038548878.txt
Launcher Type: SUN_STANDARD

Environment Variables:
PATH=C:\Program Files (x86)\NVIDIA Corporation\PhysX\Common;C:\Windows\system32;C:\Windows;C:\Windows\System32\Wbem;C:\Windows\System32\WindowsPowerShell\v1.0\;C:\Program Files (x86)\CMake 2.8\bin;c:\Program Files\MinGW\bin\;C:\Program Files (x86)\Microsoft SQL Server\100\Tools\Binn\;C:\Program Files\Microsoft SQL Server\100\Tools\Binn\;C:\Program Files\Microsoft SQL Server\100\DTS\Binn\;C:\Program Files (x86)\OpenSSH\bin
USERNAME=Taras
OS=Windows_NT
PROCESSOR_IDENTIFIER=Intel64 Family 6 Model 42 Stepping 7, GenuineIntel



---------------  S Y S T E M  ---------------

OS: Windows 8 , 64 bit Build 9200 

CPU:total 4 (2 cores per cpu, 2 threads per core) family 6 model 42 stepping 7, cmov, cx8, fxsr, mmx, sse, sse2, sse3, ssse3, sse4.1, sse4.2, popcnt, avx, ht, tsc, tscinvbit

Memory: 4k page, physical 4006252k(1320764k free), swap 8069484k(4595968k free)

vm_info: Java HotSpot(TM) 64-Bit Server VM (23.25-b01) for windows-amd64 JRE (1.7.0_25-b17), built on Jun 21 2013 12:58:32 by "java_re" with unknown MS VC++:1600

time: Thu Sep 05 12:28:15 2013
elapsed time: 0 seconds

